<?xml version="1.0" encoding="UTF-8"?>
<testsuite name="com.gojek.tests.CompareTest" tests="2" skipped="0" failures="0" errors="0" timestamp="2020-06-14T20:15:52" hostname="SW-LP00454.local" time="54.655">
  <properties/>
  <testcase name="testJsonComparatorForNonMatchingResponse" classname="com.gojek.tests.CompareTest" time="1.813"/>
  <testcase name="testJsonComparatorUsingStreamsWithFilePath" classname="com.gojek.tests.CompareTest" time="52.841"/>
  <system-out><![CDATA[https://reqres.in/api/users/2 equals https://reqres.in/api/users/2
https://reqres.in/api/users/1 equals https://reqres.in/api/users/1
https://reqres.in/api/users?page=1 equals https://reqres.in/api/users?page=1
https://reqres.in/api/users/2 not equals https://reqres.in/api/users/1
https://reqres.in/api/users/3 equals https://reqres.in/api/users/3
https://reqres.in/api/users/1 not equals https://reqres.in/api/users/3
https://reqres.in/api/users/2 equals https://reqres.in/api/users/2
https://reqres.in/api/users/2 equals https://reqres.in/api/users/2
https://reqres.in/api/users/3 equals https://reqres.in/api/users/3
https://reqres.in/api/users/3 not equals https://reqres.in/api/users/2
https://reqres.in/api/users/2 not equals https://reqres.in/api/users/1
https://reqres.in/api/users/2 equals https://reqres.in/api/users/2
https://reqres.in/api/users/1 equals https://reqres.in/api/users/1
https://reqres.in/api/users?page=1 equals https://reqres.in/api/users?page=1
https://reqres.in/api/users/1 not equals https://reqres.in/api/users/3
https://reqres.in/api/users?page=1 equals https://reqres.in/api/users?page=1
https://reqres.in/api/users/3 equals https://reqres.in/api/users/3
https://reqres.in/api/users?page=1 equals https://reqres.in/api/users?page=1
https://reqres.in/api/users/2 equals https://reqres.in/api/users/2
https://reqres.in/api/users/1 equals https://reqres.in/api/users/1
https://reqres.in/api/users/3 not equals https://reqres.in/api/users/2
https://reqres.in/api/users/2 not equals https://reqres.in/api/users/1
https://reqres.in/api/users/3 equals https://reqres.in/api/users/3
https://reqres.in/api/users/2 equals https://reqres.in/api/users/2
https://reqres.in/api/users?page=1 equals https://reqres.in/api/users?page=1
https://reqres.in/api/users/1 equals https://reqres.in/api/users/1
https://reqres.in/api/users/3 equals https://reqres.in/api/users/3
https://reqres.in/api/users/1 equals https://reqres.in/api/users/1
https://reqres.in/api/users/1 not equals https://reqres.in/api/users/3
https://reqres.in/api/users/2 equals https://reqres.in/api/users/2
https://reqres.in/api/users/3 not equals https://reqres.in/api/users/2
https://reqres.in/api/users/2 equals https://reqres.in/api/users/2
https://reqres.in/api/users/3 equals https://reqres.in/api/users/3
https://reqres.in/api/users/2 equals https://reqres.in/api/users/2
https://reqres.in/api/users/1 equals https://reqres.in/api/users/1
https://reqres.in/api/users/2 equals https://reqres.in/api/users/2
https://reqres.in/api/users/1 not equals https://reqres.in/api/users/3
https://reqres.in/api/users?page=1 equals https://reqres.in/api/users?page=1
https://reqres.in/api/users/2 not equals https://reqres.in/api/users/1
https://reqres.in/api/users/3 equals https://reqres.in/api/users/3
https://reqres.in/api/users/1 equals https://reqres.in/api/users/1
https://reqres.in/api/users/1 not equals https://reqres.in/api/users/3
https://reqres.in/api/users/2 equals https://reqres.in/api/users/2
https://reqres.in/api/users/3 equals https://reqres.in/api/users/3
https://reqres.in/api/users/1 equals https://reqres.in/api/users/1
https://reqres.in/api/users/2 not equals https://reqres.in/api/users/1
https://reqres.in/api/users/3 not equals https://reqres.in/api/users/2
https://reqres.in/api/users?page=1 equals https://reqres.in/api/users?page=1
https://reqres.in/api/users/2 equals https://reqres.in/api/users/2
https://reqres.in/api/users/2 not equals https://reqres.in/api/users/1
https://reqres.in/api/users/3 equals https://reqres.in/api/users/3
https://reqres.in/api/users/2 equals https://reqres.in/api/users/2
https://reqres.in/api/users/1 equals https://reqres.in/api/users/1
https://reqres.in/api/users/3 not equals https://reqres.in/api/users/2
https://reqres.in/api/users/3 equals https://reqres.in/api/users/3
https://reqres.in/api/users/2 equals https://reqres.in/api/users/2
https://reqres.in/api/users/2 equals https://reqres.in/api/users/2
https://reqres.in/api/users/3 not equals https://reqres.in/api/users/2
https://reqres.in/api/users/1 equals https://reqres.in/api/users/1
https://reqres.in/api/users/2 equals https://reqres.in/api/users/2
https://reqres.in/api/users/2 equals https://reqres.in/api/users/2
https://reqres.in/api/users/2 equals https://reqres.in/api/users/2
https://reqres.in/api/users/1 equals https://reqres.in/api/users/1
https://reqres.in/api/users?page=1 equals https://reqres.in/api/users?page=1
https://reqres.in/api/users/3 equals https://reqres.in/api/users/3
https://reqres.in/api/users?page=1 equals https://reqres.in/api/users?page=1
https://reqres.in/api/users/2 equals https://reqres.in/api/users/2
https://reqres.in/api/users/2 equals https://reqres.in/api/users/2
https://reqres.in/api/users/2 equals https://reqres.in/api/users/2
https://reqres.in/api/users?page=1 equals https://reqres.in/api/users?page=1
https://reqres.in/api/users/2 equals https://reqres.in/api/users/2
https://reqres.in/api/users/3 equals https://reqres.in/api/users/3
https://reqres.in/api/users/1 equals https://reqres.in/api/users/1
https://reqres.in/api/users/3 equals https://reqres.in/api/users/3
https://reqres.in/api/users/2 equals https://reqres.in/api/users/2
https://reqres.in/api/users?page=1 equals https://reqres.in/api/users?page=1
https://reqres.in/api/users/3 equals https://reqres.in/api/users/3
https://reqres.in/api/users/2 equals https://reqres.in/api/users/2
https://reqres.in/api/users/3 equals https://reqres.in/api/users/3
https://reqres.in/api/users/1 equals https://reqres.in/api/users/1
https://reqres.in/api/users/2 equals https://reqres.in/api/users/2
https://reqres.in/api/users/1 equals https://reqres.in/api/users/1
https://reqres.in/api/users/3 equals https://reqres.in/api/users/3
https://reqres.in/api/users?page=1 equals https://reqres.in/api/users?page=1
https://reqres.in/api/users/3 equals https://reqres.in/api/users/3
https://reqres.in/api/users/1 equals https://reqres.in/api/users/1
https://reqres.in/api/users/1 equals https://reqres.in/api/users/1
https://reqres.in/api/users/2 equals https://reqres.in/api/users/2
https://reqres.in/api/users/1 not equals https://reqres.in/api/users/3
https://reqres.in/api/users/1 equals https://reqres.in/api/users/1
https://reqres.in/api/users/2 equals https://reqres.in/api/users/2
https://reqres.in/api/users/3 equals https://reqres.in/api/users/3
https://reqres.in/api/users/1 equals https://reqres.in/api/users/1
https://reqres.in/api/users/2 equals https://reqres.in/api/users/2
https://reqres.in/api/users/2 equals https://reqres.in/api/users/2
https://reqres.in/api/users/2 equals https://reqres.in/api/users/2
https://reqres.in/api/users/2 equals https://reqres.in/api/users/2
https://reqres.in/api/users?page=1 equals https://reqres.in/api/users?page=1
https://reqres.in/api/users/2 not equals https://reqres.in/api/users/1
https://reqres.in/api/users/1 equals https://reqres.in/api/users/1
https://reqres.in/api/users/2 equals https://reqres.in/api/users/2
https://reqres.in/api/users/2 equals https://reqres.in/api/users/2
https://reqres.in/api/users/3 equals https://reqres.in/api/users/3
https://reqres.in/api/users/2 equals https://reqres.in/api/users/2
https://reqres.in/api/users/3 equals https://reqres.in/api/users/3
https://reqres.in/api/users/3 not equals https://reqres.in/api/users/2
https://reqres.in/api/users/2 equals https://reqres.in/api/users/2
https://reqres.in/api/users/1 not equals https://reqres.in/api/users/3
https://reqres.in/api/users/2 equals https://reqres.in/api/users/2
https://reqres.in/api/users/3 equals https://reqres.in/api/users/3
https://reqres.in/api/users/1 equals https://reqres.in/api/users/1
https://reqres.in/api/users?page=1 equals https://reqres.in/api/users?page=1
https://reqres.in/api/users/1 equals https://reqres.in/api/users/1
https://reqres.in/api/users/2 equals https://reqres.in/api/users/2
https://reqres.in/api/users/3 equals https://reqres.in/api/users/3
https://reqres.in/api/users/2 not equals https://reqres.in/api/users/1
https://reqres.in/api/users?page=1 equals https://reqres.in/api/users?page=1
https://reqres.in/api/users/1 equals https://reqres.in/api/users/1
https://reqres.in/api/users/2 equals https://reqres.in/api/users/2
https://reqres.in/api/users/3 equals https://reqres.in/api/users/3
https://reqres.in/api/users/1 not equals https://reqres.in/api/users/3
https://reqres.in/api/users?page=1 equals https://reqres.in/api/users?page=1
https://reqres.in/api/users/1 equals https://reqres.in/api/users/1
https://reqres.in/api/users/3 not equals https://reqres.in/api/users/2
https://reqres.in/api/users/3 equals https://reqres.in/api/users/3
https://reqres.in/api/users/2 equals https://reqres.in/api/users/2
https://reqres.in/api/users/2 equals https://reqres.in/api/users/2
https://reqres.in/api/users/1 equals https://reqres.in/api/users/1
https://reqres.in/api/users/2 not equals https://reqres.in/api/users/1
https://reqres.in/api/users/3 equals https://reqres.in/api/users/3
https://reqres.in/api/users/2 equals https://reqres.in/api/users/2
https://reqres.in/api/users/2 equals https://reqres.in/api/users/2
https://reqres.in/api/users/1 equals https://reqres.in/api/users/1
https://reqres.in/api/users/2 equals https://reqres.in/api/users/2
https://reqres.in/api/users?page=1 equals https://reqres.in/api/users?page=1
https://reqres.in/api/users/1 not equals https://reqres.in/api/users/3
https://reqres.in/api/users/1 equals https://reqres.in/api/users/1
https://reqres.in/api/users/3 not equals https://reqres.in/api/users/2
https://reqres.in/api/users/2 equals https://reqres.in/api/users/2
https://reqres.in/api/users?page=1 equals https://reqres.in/api/users?page=1
https://reqres.in/api/users/1 not equals https://reqres.in/api/users/3
https://reqres.in/api/users?page=1 equals https://reqres.in/api/users?page=1
https://reqres.in/api/users/2 not equals https://reqres.in/api/users/1
https://reqres.in/api/users/3 equals https://reqres.in/api/users/3
https://reqres.in/api/users/2 equals https://reqres.in/api/users/2
https://reqres.in/api/users/2 equals https://reqres.in/api/users/2
https://reqres.in/api/users?page=1 equals https://reqres.in/api/users?page=1
https://reqres.in/api/users/3 equals https://reqres.in/api/users/3
https://reqres.in/api/users/2 not equals https://reqres.in/api/users/1
https://reqres.in/api/users/3 equals https://reqres.in/api/users/3
https://reqres.in/api/users/3 not equals https://reqres.in/api/users/2
https://reqres.in/api/users/1 equals https://reqres.in/api/users/1
https://reqres.in/api/users/2 equals https://reqres.in/api/users/2
https://reqres.in/api/users/3 equals https://reqres.in/api/users/3
https://reqres.in/api/users?page=1 equals https://reqres.in/api/users?page=1
https://reqres.in/api/users/3 not equals https://reqres.in/api/users/2
https://reqres.in/api/users/1 equals https://reqres.in/api/users/1
https://reqres.in/api/users/1 equals https://reqres.in/api/users/1
https://reqres.in/api/users/2 equals https://reqres.in/api/users/2
https://reqres.in/api/users/1 not equals https://reqres.in/api/users/3
https://reqres.in/api/users/3 equals https://reqres.in/api/users/3
https://reqres.in/api/users/3 equals https://reqres.in/api/users/3
https://reqres.in/api/users/1 equals https://reqres.in/api/users/1
https://reqres.in/api/users/2 equals https://reqres.in/api/users/2
https://reqres.in/api/users/2 equals https://reqres.in/api/users/2
https://reqres.in/api/users/1 not equals https://reqres.in/api/users/3
https://reqres.in/api/users?page=1 equals https://reqres.in/api/users?page=1
https://reqres.in/api/users/2 not equals https://reqres.in/api/users/1
https://reqres.in/api/users/1 equals https://reqres.in/api/users/1
https://reqres.in/api/users/1 equals https://reqres.in/api/users/1
https://reqres.in/api/users/1 not equals https://reqres.in/api/users/3
https://reqres.in/api/users?page=1 equals https://reqres.in/api/users?page=1
https://reqres.in/api/users/2 equals https://reqres.in/api/users/2
https://reqres.in/api/users/2 not equals https://reqres.in/api/users/1
https://reqres.in/api/users/3 equals https://reqres.in/api/users/3
https://reqres.in/api/users/3 not equals https://reqres.in/api/users/2
https://reqres.in/api/users/2 equals https://reqres.in/api/users/2
https://reqres.in/api/users/2 equals https://reqres.in/api/users/2
https://reqres.in/api/users/2 not equals https://reqres.in/api/users/1
https://reqres.in/api/users/3 equals https://reqres.in/api/users/3
https://reqres.in/api/users/3 equals https://reqres.in/api/users/3
https://reqres.in/api/users/3 not equals https://reqres.in/api/users/2
https://reqres.in/api/users/1 equals https://reqres.in/api/users/1
https://reqres.in/api/users/2 equals https://reqres.in/api/users/2
https://reqres.in/api/users/2 equals https://reqres.in/api/users/2
https://reqres.in/api/users/2 equals https://reqres.in/api/users/2
https://reqres.in/api/users/3 not equals https://reqres.in/api/users/2
https://reqres.in/api/users/1 equals https://reqres.in/api/users/1
https://reqres.in/api/users/1 equals https://reqres.in/api/users/1
https://reqres.in/api/users/2 equals https://reqres.in/api/users/2
https://reqres.in/api/users/2 equals https://reqres.in/api/users/2
https://reqres.in/api/users?page=1 equals https://reqres.in/api/users?page=1
https://reqres.in/api/users?page=1 equals https://reqres.in/api/users?page=1
https://reqres.in/api/users/3 equals https://reqres.in/api/users/3
https://reqres.in/api/users/2 equals https://reqres.in/api/users/2
https://reqres.in/api/users/2 equals https://reqres.in/api/users/2
https://reqres.in/api/users/2 equals https://reqres.in/api/users/2
https://reqres.in/api/users/2 equals https://reqres.in/api/users/2
https://reqres.in/api/users?page=1 equals https://reqres.in/api/users?page=1
https://reqres.in/api/users/3 equals https://reqres.in/api/users/3
https://reqres.in/api/users/3 equals https://reqres.in/api/users/3
https://reqres.in/api/users/1 equals https://reqres.in/api/users/1
https://reqres.in/api/users?page=1 equals https://reqres.in/api/users?page=1
https://reqres.in/api/users/2 equals https://reqres.in/api/users/2
https://reqres.in/api/users/2 equals https://reqres.in/api/users/2
https://reqres.in/api/users/3 equals https://reqres.in/api/users/3
https://reqres.in/api/users/3 equals https://reqres.in/api/users/3
https://reqres.in/api/users/1 equals https://reqres.in/api/users/1
https://reqres.in/api/users/3 not equals https://reqres.in/api/users/3
https://reqres.in/api/users/1 equals https://reqres.in/api/users/1
https://reqres.in/api/users/2 equals https://reqres.in/api/users/2
https://reqres.in/api/users?page=1 equals https://reqres.in/api/users?page=1
https://reqres.in/api/users/1 equals https://reqres.in/api/users/1
https://reqres.in/api/users/1 equals https://reqres.in/api/users/1
https://reqres.in/api/users/2 equals https://reqres.in/api/users/2
https://reqres.in/api/users/1 equals https://reqres.in/api/users/1
https://reqres.in/api/users/1 not equals https://reqres.in/api/users/3
https://reqres.in/api/users/2 equals https://reqres.in/api/users/2
https://reqres.in/api/users/2 equals https://reqres.in/api/users/2
https://reqres.in/api/users/3 equals https://reqres.in/api/users/3
https://reqres.in/api/users/2 equals https://reqres.in/api/users/2
https://reqres.in/api/users/2 equals https://reqres.in/api/users/2
https://reqres.in/api/users?page=1 equals https://reqres.in/api/users?page=1
https://reqres.in/api/users/2 not equals https://reqres.in/api/users/1
https://reqres.in/api/users/2 equals https://reqres.in/api/users/2
https://reqres.in/api/users/1 equals https://reqres.in/api/users/1
https://reqres.in/api/users/2 equals https://reqres.in/api/users/2
https://reqres.in/api/users/2 equals https://reqres.in/api/users/2
https://reqres.in/api/users/3 equals https://reqres.in/api/users/3
https://reqres.in/api/users/3 equals https://reqres.in/api/users/3
https://reqres.in/api/users/2 equals https://reqres.in/api/users/2
https://reqres.in/api/users/3 not equals https://reqres.in/api/users/2
https://reqres.in/api/users/3 equals https://reqres.in/api/users/3
https://reqres.in/api/users/1 not equals https://reqres.in/api/users/3
https://reqres.in/api/users/3 equals https://reqres.in/api/users/3
https://reqres.in/api/users?page=1 equals https://reqres.in/api/users?page=1
https://reqres.in/api/users/1 equals https://reqres.in/api/users/1
https://reqres.in/api/users/1 equals https://reqres.in/api/users/1
https://reqres.in/api/users/3 equals https://reqres.in/api/users/3
https://reqres.in/api/users/2 equals https://reqres.in/api/users/2
https://reqres.in/api/users/1 equals https://reqres.in/api/users/1
https://reqres.in/api/users/1 equals https://reqres.in/api/users/1
https://reqres.in/api/users/2 not equals https://reqres.in/api/users/1
https://reqres.in/api/users/3 equals https://reqres.in/api/users/3
https://reqres.in/api/users/2 equals https://reqres.in/api/users/2
https://reqres.in/api/users/2 equals https://reqres.in/api/users/2
https://reqres.in/api/users/1 not equals https://reqres.in/api/users/3
https://reqres.in/api/users?page=1 equals https://reqres.in/api/users?page=1
https://reqres.in/api/users/1 equals https://reqres.in/api/users/1
https://reqres.in/api/users/3 not equals https://reqres.in/api/users/2
https://reqres.in/api/users/2 equals https://reqres.in/api/users/2
https://reqres.in/api/users/1 equals https://reqres.in/api/users/1
https://reqres.in/api/users/2 equals https://reqres.in/api/users/2
https://reqres.in/api/users/2 equals https://reqres.in/api/users/2
https://reqres.in/api/users/3 not equals https://reqres.in/api/users/2
https://reqres.in/api/users/2 equals https://reqres.in/api/users/2
https://reqres.in/api/users/1 equals https://reqres.in/api/users/1
https://reqres.in/api/users/2 equals https://reqres.in/api/users/2
https://reqres.in/api/users/2 not equals https://reqres.in/api/users/1
https://reqres.in/api/users?page=1 equals https://reqres.in/api/users?page=1
https://reqres.in/api/users/3 equals https://reqres.in/api/users/3
https://reqres.in/api/users?page=1 equals https://reqres.in/api/users?page=1
https://reqres.in/api/users/2 equals https://reqres.in/api/users/2
https://reqres.in/api/users/2 equals https://reqres.in/api/users/2
https://reqres.in/api/users/2 equals https://reqres.in/api/users/2
https://reqres.in/api/users?page=1 equals https://reqres.in/api/users?page=1
https://reqres.in/api/users/3 not equals https://reqres.in/api/users/2
https://reqres.in/api/users/3 equals https://reqres.in/api/users/3
https://reqres.in/api/users/1 equals https://reqres.in/api/users/1
https://reqres.in/api/users/3 equals https://reqres.in/api/users/3
https://reqres.in/api/users?page=1 equals https://reqres.in/api/users?page=1
https://reqres.in/api/users?page=1 equals https://reqres.in/api/users?page=1
https://reqres.in/api/users/2 equals https://reqres.in/api/users/2
https://reqres.in/api/users/3 equals https://reqres.in/api/users/3
https://reqres.in/api/users/2 equals https://reqres.in/api/users/2
https://reqres.in/api/users/1 equals https://reqres.in/api/users/1
https://reqres.in/api/users/1 not equals https://reqres.in/api/users/3
https://reqres.in/api/users/1 equals https://reqres.in/api/users/1
https://reqres.in/api/users/3 equals https://reqres.in/api/users/3
https://reqres.in/api/users/3 equals https://reqres.in/api/users/3
https://reqres.in/api/users/3 equals https://reqres.in/api/users/3
https://reqres.in/api/users/1 equals https://reqres.in/api/users/1
https://reqres.in/api/users?page=1 equals https://reqres.in/api/users?page=1
https://reqres.in/api/users/1 not equals https://reqres.in/api/users/3
https://reqres.in/api/users/2 not equals https://reqres.in/api/users/1
https://reqres.in/api/users/1 not equals https://reqres.in/api/users/3
https://reqres.in/api/users/1 equals https://reqres.in/api/users/1
https://reqres.in/api/users/1 equals https://reqres.in/api/users/1
https://reqres.in/api/users/1 equals https://reqres.in/api/users/1
https://reqres.in/api/users/2 equals https://reqres.in/api/users/2
https://reqres.in/api/users/3 equals https://reqres.in/api/users/3
https://reqres.in/api/users/2 not equals https://reqres.in/api/users/1
https://reqres.in/api/users/3 not equals https://reqres.in/api/users/2
https://reqres.in/api/users/2 not equals https://reqres.in/api/users/1
https://reqres.in/api/users/1 not equals https://reqres.in/api/users/3
https://reqres.in/api/users/2 equals https://reqres.in/api/users/2
https://reqres.in/api/users/2 equals https://reqres.in/api/users/2
https://reqres.in/api/users/2 equals https://reqres.in/api/users/2
https://reqres.in/api/users/1 equals https://reqres.in/api/users/1
https://reqres.in/api/users/3 not equals https://reqres.in/api/users/2
https://reqres.in/api/users/2 equals https://reqres.in/api/users/2
https://reqres.in/api/users/3 not equals https://reqres.in/api/users/2
https://reqres.in/api/users/2 not equals https://reqres.in/api/users/1
https://reqres.in/api/users/2 equals https://reqres.in/api/users/2
https://reqres.in/api/users/2 equals https://reqres.in/api/users/2
https://reqres.in/api/users/3 equals https://reqres.in/api/users/3
https://reqres.in/api/users/2 equals https://reqres.in/api/users/2
https://reqres.in/api/users?page=1 equals https://reqres.in/api/users?page=1
https://reqres.in/api/users/2 equals https://reqres.in/api/users/2
https://reqres.in/api/users/2 equals https://reqres.in/api/users/2
https://reqres.in/api/users/3 not equals https://reqres.in/api/users/2
https://reqres.in/api/users/3 equals https://reqres.in/api/users/3
https://reqres.in/api/users?page=1 equals https://reqres.in/api/users?page=1
https://reqres.in/api/users/1 equals https://reqres.in/api/users/1
https://reqres.in/api/users/2 equals https://reqres.in/api/users/2
https://reqres.in/api/users/3 equals https://reqres.in/api/users/3
https://reqres.in/api/users?page=1 equals https://reqres.in/api/users?page=1
https://reqres.in/api/users?page=1 equals https://reqres.in/api/users?page=1
https://reqres.in/api/users/2 equals https://reqres.in/api/users/2
https://reqres.in/api/users/1 equals https://reqres.in/api/users/1
https://reqres.in/api/users/3 equals https://reqres.in/api/users/3
https://reqres.in/api/users/2 equals https://reqres.in/api/users/2
https://reqres.in/api/users/3 equals https://reqres.in/api/users/3
https://reqres.in/api/users/3 equals https://reqres.in/api/users/3
https://reqres.in/api/users/1 equals https://reqres.in/api/users/1
https://reqres.in/api/users/3 equals https://reqres.in/api/users/3
https://reqres.in/api/users?page=1 equals https://reqres.in/api/users?page=1
https://reqres.in/api/users/2 equals https://reqres.in/api/users/2
https://reqres.in/api/users/1 equals https://reqres.in/api/users/1
https://reqres.in/api/users/2 equals https://reqres.in/api/users/2
https://reqres.in/api/users/1 equals https://reqres.in/api/users/1
https://reqres.in/api/users/1 equals https://reqres.in/api/users/1
https://reqres.in/api/users/2 equals https://reqres.in/api/users/2
https://reqres.in/api/users/1 equals https://reqres.in/api/users/1
https://reqres.in/api/users/3 equals https://reqres.in/api/users/3
https://reqres.in/api/users/2 equals https://reqres.in/api/users/2
https://reqres.in/api/users/1 not equals https://reqres.in/api/users/3
https://reqres.in/api/users/2 equals https://reqres.in/api/users/2
https://reqres.in/api/users/2 equals https://reqres.in/api/users/2
https://reqres.in/api/users/2 equals https://reqres.in/api/users/2
https://reqres.in/api/users/2 equals https://reqres.in/api/users/2
https://reqres.in/api/users/1 equals https://reqres.in/api/users/1
https://reqres.in/api/users?page=1 equals https://reqres.in/api/users?page=1
https://reqres.in/api/users/2 not equals https://reqres.in/api/users/1
https://reqres.in/api/users/2 equals https://reqres.in/api/users/2
https://reqres.in/api/users/2 equals https://reqres.in/api/users/2
https://reqres.in/api/users/3 equals https://reqres.in/api/users/3
https://reqres.in/api/users/2 equals https://reqres.in/api/users/2
https://reqres.in/api/users/2 equals https://reqres.in/api/users/2
https://reqres.in/api/users/3 equals https://reqres.in/api/users/3
https://reqres.in/api/users/3 not equals https://reqres.in/api/users/2
https://reqres.in/api/users?page=1 equals https://reqres.in/api/users?page=1
https://reqres.in/api/users/3 equals https://reqres.in/api/users/3
https://reqres.in/api/users/1 equals https://reqres.in/api/users/1
https://reqres.in/api/users/3 equals https://reqres.in/api/users/3
https://reqres.in/api/users?page=1 equals https://reqres.in/api/users?page=1
https://reqres.in/api/users/2 equals https://reqres.in/api/users/2
https://reqres.in/api/users/1 equals https://reqres.in/api/users/1
https://reqres.in/api/users/2 equals https://reqres.in/api/users/2
https://reqres.in/api/users/3 equals https://reqres.in/api/users/3
https://reqres.in/api/users/1 equals https://reqres.in/api/users/1
https://reqres.in/api/users/2 equals https://reqres.in/api/users/2
https://reqres.in/api/users/1 equals https://reqres.in/api/users/1
https://reqres.in/api/users/3 equals https://reqres.in/api/users/3
https://reqres.in/api/users/3 equals https://reqres.in/api/users/3
https://reqres.in/api/users/1 not equals https://reqres.in/api/users/3
https://reqres.in/api/users?page=1 equals https://reqres.in/api/users?page=1
https://reqres.in/api/users/1 equals https://reqres.in/api/users/1
https://reqres.in/api/users/2 equals https://reqres.in/api/users/2
https://reqres.in/api/users/2 equals https://reqres.in/api/users/2
https://reqres.in/api/users/2 equals https://reqres.in/api/users/2
https://reqres.in/api/users/1 equals https://reqres.in/api/users/1
https://reqres.in/api/users/1 equals https://reqres.in/api/users/1
https://reqres.in/api/users/2 not equals https://reqres.in/api/users/1
https://reqres.in/api/users/3 equals https://reqres.in/api/users/3
https://reqres.in/api/users/1 not equals https://reqres.in/api/users/3
https://reqres.in/api/users/2 equals https://reqres.in/api/users/2
https://reqres.in/api/users?page=1 equals https://reqres.in/api/users?page=1
https://reqres.in/api/users/2 equals https://reqres.in/api/users/2
https://reqres.in/api/users/1 not equals https://reqres.in/api/users/3
https://reqres.in/api/users/2 equals https://reqres.in/api/users/2
https://reqres.in/api/users/1 equals https://reqres.in/api/users/1
https://reqres.in/api/users/3 not equals https://reqres.in/api/users/2
https://reqres.in/api/users/2 not equals https://reqres.in/api/users/1
https://reqres.in/api/users?page=1 equals https://reqres.in/api/users?page=1
https://reqres.in/api/users/3 equals https://reqres.in/api/users/3
https://reqres.in/api/users?page=1 equals https://reqres.in/api/users?page=1
https://reqres.in/api/users/2 not equals https://reqres.in/api/users/1
https://reqres.in/api/users/2 equals https://reqres.in/api/users/2
https://reqres.in/api/users/2 equals https://reqres.in/api/users/2
https://reqres.in/api/users/3 not equals https://reqres.in/api/users/2
https://reqres.in/api/users/3 equals https://reqres.in/api/users/3
https://reqres.in/api/users/1 equals https://reqres.in/api/users/1
https://reqres.in/api/users/3 equals https://reqres.in/api/users/3
https://reqres.in/api/users/3 not equals https://reqres.in/api/users/2
https://reqres.in/api/users?page=1 equals https://reqres.in/api/users?page=1
https://reqres.in/api/users/2 equals https://reqres.in/api/users/2
https://reqres.in/api/users/1 equals https://reqres.in/api/users/1
https://reqres.in/api/users/2 equals https://reqres.in/api/users/2
https://reqres.in/api/users/1 not equals https://reqres.in/api/users/3
https://reqres.in/api/users/1 equals https://reqres.in/api/users/1
https://reqres.in/api/users/2 equals https://reqres.in/api/users/2
https://reqres.in/api/users/3 equals https://reqres.in/api/users/3
https://reqres.in/api/users/3 equals https://reqres.in/api/users/3
https://reqres.in/api/users/1 not equals https://reqres.in/api/users/3
https://reqres.in/api/users?page=1 equals https://reqres.in/api/users?page=1
https://reqres.in/api/users/2 not equals https://reqres.in/api/users/1
https://reqres.in/api/users/1 not equals https://reqres.in/api/users/3
https://reqres.in/api/users?page=1 equals https://reqres.in/api/users?page=1
https://reqres.in/api/users/1 equals https://reqres.in/api/users/1
https://reqres.in/api/users/1 equals https://reqres.in/api/users/1
https://reqres.in/api/users/2 equals https://reqres.in/api/users/2
https://reqres.in/api/users/3 equals https://reqres.in/api/users/3
https://reqres.in/api/users/2 not equals https://reqres.in/api/users/1
https://reqres.in/api/users/3 not equals https://reqres.in/api/users/2
https://reqres.in/api/users/2 not equals https://reqres.in/api/users/1
https://reqres.in/api/users/3 equals https://reqres.in/api/users/3
https://reqres.in/api/users/1 not equals https://reqres.in/api/users/3
https://reqres.in/api/users/2 equals https://reqres.in/api/users/2
https://reqres.in/api/users?page=1 equals https://reqres.in/api/users?page=1
https://reqres.in/api/users/1 equals https://reqres.in/api/users/1
https://reqres.in/api/users/3 not equals https://reqres.in/api/users/2
https://reqres.in/api/users/2 equals https://reqres.in/api/users/2
https://reqres.in/api/users/3 not equals https://reqres.in/api/users/2
https://reqres.in/api/users/1 equals https://reqres.in/api/users/1
https://reqres.in/api/users/2 not equals https://reqres.in/api/users/1
https://reqres.in/api/users/2 equals https://reqres.in/api/users/2
https://reqres.in/api/users/3 equals https://reqres.in/api/users/3
https://reqres.in/api/users/2 equals https://reqres.in/api/users/2
https://reqres.in/api/users/2 equals https://reqres.in/api/users/2
https://reqres.in/api/users?page=1 equals https://reqres.in/api/users?page=1
https://reqres.in/api/users/2 equals https://reqres.in/api/users/2
https://reqres.in/api/users/2 equals https://reqres.in/api/users/2
https://reqres.in/api/users/3 not equals https://reqres.in/api/users/2
https://reqres.in/api/users?page=1 equals https://reqres.in/api/users?page=1
https://reqres.in/api/users/1 equals https://reqres.in/api/users/1
https://reqres.in/api/users?page=1 equals https://reqres.in/api/users?page=1
https://reqres.in/api/users/2 equals https://reqres.in/api/users/2
https://reqres.in/api/users/3 equals https://reqres.in/api/users/3
https://reqres.in/api/users?page=1 equals https://reqres.in/api/users?page=1
https://reqres.in/api/users/2 equals https://reqres.in/api/users/2
https://reqres.in/api/users/2 equals https://reqres.in/api/users/2
https://reqres.in/api/users/3 equals https://reqres.in/api/users/3
https://reqres.in/api/users/2 equals https://reqres.in/api/users/2
https://reqres.in/api/users/3 equals https://reqres.in/api/users/3
https://reqres.in/api/users/3 equals https://reqres.in/api/users/3
https://reqres.in/api/users/1 equals https://reqres.in/api/users/1
https://reqres.in/api/users/3 equals https://reqres.in/api/users/3
https://reqres.in/api/users/3 equals https://reqres.in/api/users/3
https://reqres.in/api/users?page=1 equals https://reqres.in/api/users?page=1
https://reqres.in/api/users/1 equals https://reqres.in/api/users/1
https://reqres.in/api/users/2 equals https://reqres.in/api/users/2
https://reqres.in/api/users/1 equals https://reqres.in/api/users/1
https://reqres.in/api/users/1 equals https://reqres.in/api/users/1
https://reqres.in/api/users/2 equals https://reqres.in/api/users/2
https://reqres.in/api/users/1 equals https://reqres.in/api/users/1
https://reqres.in/api/users/3 equals https://reqres.in/api/users/3
https://reqres.in/api/users/1 not equals https://reqres.in/api/users/3
https://reqres.in/api/users/3 equals https://reqres.in/api/users/3
https://reqres.in/api/users/2 equals https://reqres.in/api/users/2
https://reqres.in/api/users/2 equals https://reqres.in/api/users/2
https://reqres.in/api/users/2 equals https://reqres.in/api/users/2
https://reqres.in/api/users/2 equals https://reqres.in/api/users/2
https://reqres.in/api/users/1 equals https://reqres.in/api/users/1
https://reqres.in/api/users/2 not equals https://reqres.in/api/users/1
https://reqres.in/api/users/1 equals https://reqres.in/api/users/1
https://reqres.in/api/users/2 equals https://reqres.in/api/users/2
https://reqres.in/api/users/2 equals https://reqres.in/api/users/2
https://reqres.in/api/users/2 equals https://reqres.in/api/users/2
https://reqres.in/api/users/3 equals https://reqres.in/api/users/3
https://reqres.in/api/users/2 equals https://reqres.in/api/users/2
https://reqres.in/api/users/1 equals https://reqres.in/api/users/1
https://reqres.in/api/users/2 equals https://reqres.in/api/users/2
https://reqres.in/api/users?page=1 equals https://reqres.in/api/users?page=1
https://reqres.in/api/users/3 equals https://reqres.in/api/users/3
https://reqres.in/api/users/3 equals https://reqres.in/api/users/3
https://reqres.in/api/users/1 equals https://reqres.in/api/users/1
https://reqres.in/api/users/2 equals https://reqres.in/api/users/2
https://reqres.in/api/users/2 equals https://reqres.in/api/users/2
https://reqres.in/api/users/2 equals https://reqres.in/api/users/2
https://reqres.in/api/users/3 equals https://reqres.in/api/users/3
https://reqres.in/api/users/1 equals https://reqres.in/api/users/1
https://reqres.in/api/users/1 equals https://reqres.in/api/users/1
https://reqres.in/api/users/2 equals https://reqres.in/api/users/2
https://reqres.in/api/users/3 equals https://reqres.in/api/users/3
https://reqres.in/api/users?page=1 equals https://reqres.in/api/users?page=1
https://reqres.in/api/users/2 equals https://reqres.in/api/users/2
https://reqres.in/api/users/1 equals https://reqres.in/api/users/1
https://reqres.in/api/users/2 equals https://reqres.in/api/users/2
https://reqres.in/api/users/2 equals https://reqres.in/api/users/2
https://reqres.in/api/users/2 equals https://reqres.in/api/users/2
https://reqres.in/api/users/3 not equals https://reqres.in/api/users/2
https://reqres.in/api/users/3 equals https://reqres.in/api/users/3
https://reqres.in/api/users?page=1 equals https://reqres.in/api/users?page=1
https://reqres.in/api/users/3 equals https://reqres.in/api/users/3
https://reqres.in/api/users/2 equals https://reqres.in/api/users/2
https://reqres.in/api/users/2 equals https://reqres.in/api/users/2
https://reqres.in/api/users/2 equals https://reqres.in/api/users/2
https://reqres.in/api/users/2 equals https://reqres.in/api/users/2
https://reqres.in/api/users/1 equals https://reqres.in/api/users/1
https://reqres.in/api/users/3 equals https://reqres.in/api/users/3
https://reqres.in/api/users/1 equals https://reqres.in/api/users/1
https://reqres.in/api/users/2 equals https://reqres.in/api/users/2
https://reqres.in/api/users?page=1 equals https://reqres.in/api/users?page=1
https://reqres.in/api/users?page=1 equals https://reqres.in/api/users?page=1
https://reqres.in/api/users?page=1 equals https://reqres.in/api/users?page=1
https://reqres.in/api/users/1 not equals https://reqres.in/api/users/3
https://reqres.in/api/users/1 equals https://reqres.in/api/users/1
https://reqres.in/api/users/2 equals https://reqres.in/api/users/2
https://reqres.in/api/users/3 equals https://reqres.in/api/users/3
https://reqres.in/api/users/3 equals https://reqres.in/api/users/3
https://reqres.in/api/users/2 equals https://reqres.in/api/users/2
https://reqres.in/api/users/3 equals https://reqres.in/api/users/3
https://reqres.in/api/users?page=1 equals https://reqres.in/api/users?page=1
https://reqres.in/api/users/2 equals https://reqres.in/api/users/2
https://reqres.in/api/users/1 not equals https://reqres.in/api/users/3
https://reqres.in/api/users/1 equals https://reqres.in/api/users/1
https://reqres.in/api/users/2 equals https://reqres.in/api/users/2
https://reqres.in/api/users/2 equals https://reqres.in/api/users/2
https://reqres.in/api/users/1 equals https://reqres.in/api/users/1
https://reqres.in/api/users/3 equals https://reqres.in/api/users/3
https://reqres.in/api/users?page=1 equals https://reqres.in/api/users?page=1
https://reqres.in/api/users/2 not equals https://reqres.in/api/users/1
https://reqres.in/api/users?page=1 equals https://reqres.in/api/users?page=1
https://reqres.in/api/users/2 equals https://reqres.in/api/users/2
https://reqres.in/api/users?page=1 equals https://reqres.in/api/users?page=1
https://reqres.in/api/users/1 not equals https://reqres.in/api/users/3
https://reqres.in/api/users/1 equals https://reqres.in/api/users/1
https://reqres.in/api/users/3 equals https://reqres.in/api/users/3
https://reqres.in/api/users/3 equals https://reqres.in/api/users/3
https://reqres.in/api/users/3 equals https://reqres.in/api/users/3
https://reqres.in/api/users/2 equals https://reqres.in/api/users/2
https://reqres.in/api/users/1 equals https://reqres.in/api/users/1
https://reqres.in/api/users/2 not equals https://reqres.in/api/users/1
https://reqres.in/api/users/2 equals https://reqres.in/api/users/2
https://reqres.in/api/users/1 equals https://reqres.in/api/users/1
https://reqres.in/api/users/1 equals https://reqres.in/api/users/1
https://reqres.in/api/users/1 equals https://reqres.in/api/users/1
https://reqres.in/api/users?page=1 equals https://reqres.in/api/users?page=1
https://reqres.in/api/users/1 not equals https://reqres.in/api/users/3
https://reqres.in/api/users/1 equals https://reqres.in/api/users/1
https://reqres.in/api/users/3 not equals https://reqres.in/api/users/2
https://reqres.in/api/users/2 equals https://reqres.in/api/users/2
https://reqres.in/api/users/1 not equals https://reqres.in/api/users/3
https://reqres.in/api/users/2 equals https://reqres.in/api/users/2
https://reqres.in/api/users/3 equals https://reqres.in/api/users/3
https://reqres.in/api/users/1 not equals https://reqres.in/api/users/3
https://reqres.in/api/users/2 equals https://reqres.in/api/users/2
https://reqres.in/api/users/2 not equals https://reqres.in/api/users/1
https://reqres.in/api/users/2 equals https://reqres.in/api/users/2
https://reqres.in/api/users/3 equals https://reqres.in/api/users/3
https://reqres.in/api/users/2 not equals https://reqres.in/api/users/1
https://reqres.in/api/users/2 equals https://reqres.in/api/users/2
https://reqres.in/api/users/2 not equals https://reqres.in/api/users/1
https://reqres.in/api/users/1 equals https://reqres.in/api/users/1
https://reqres.in/api/users/2 equals https://reqres.in/api/users/2
https://reqres.in/api/users/3 not equals https://reqres.in/api/users/2
https://reqres.in/api/users?page=1 equals https://reqres.in/api/users?page=1
https://reqres.in/api/users/1 equals https://reqres.in/api/users/1
https://reqres.in/api/users/3 not equals https://reqres.in/api/users/2
https://reqres.in/api/users?page=1 equals https://reqres.in/api/users?page=1
https://reqres.in/api/users/3 not equals https://reqres.in/api/users/2
https://reqres.in/api/users/2 equals https://reqres.in/api/users/2
https://reqres.in/api/users/3 equals https://reqres.in/api/users/3
https://reqres.in/api/users/3 equals https://reqres.in/api/users/3
https://reqres.in/api/users/2 equals https://reqres.in/api/users/2
https://reqres.in/api/users/2 equals https://reqres.in/api/users/2
https://reqres.in/api/users/3 equals https://reqres.in/api/users/3
https://reqres.in/api/users/2 equals https://reqres.in/api/users/2
https://reqres.in/api/users?page=1 equals https://reqres.in/api/users?page=1
https://reqres.in/api/users/1 equals https://reqres.in/api/users/1
https://reqres.in/api/users/1 equals https://reqres.in/api/users/1
https://reqres.in/api/users/2 equals https://reqres.in/api/users/2
https://reqres.in/api/users?page=1 equals https://reqres.in/api/users?page=1
https://reqres.in/api/users?page=1 equals https://reqres.in/api/users?page=1
https://reqres.in/api/users/1 equals https://reqres.in/api/users/1
https://reqres.in/api/users/3 equals https://reqres.in/api/users/3
https://reqres.in/api/users/2 equals https://reqres.in/api/users/2
https://reqres.in/api/users/2 equals https://reqres.in/api/users/2
https://reqres.in/api/users?page=1 equals https://reqres.in/api/users?page=1
https://reqres.in/api/users/3 equals https://reqres.in/api/users/3
https://reqres.in/api/users/1 not equals https://reqres.in/api/users/3
https://reqres.in/api/users/3 equals https://reqres.in/api/users/3
https://reqres.in/api/users/1 not equals https://reqres.in/api/users/3
https://reqres.in/api/users/1 equals https://reqres.in/api/users/1
https://reqres.in/api/users/2 equals https://reqres.in/api/users/2
https://reqres.in/api/users/2 equals https://reqres.in/api/users/2
https://reqres.in/api/users/3 equals https://reqres.in/api/users/3
https://reqres.in/api/users/1 equals https://reqres.in/api/users/1
https://reqres.in/api/users/2 not equals https://reqres.in/api/users/1
https://reqres.in/api/users/1 equals https://reqres.in/api/users/1
https://reqres.in/api/users/2 not equals https://reqres.in/api/users/1
https://reqres.in/api/users/2 equals https://reqres.in/api/users/2
https://reqres.in/api/users?page=1 equals https://reqres.in/api/users?page=1
https://reqres.in/api/users/3 equals https://reqres.in/api/users/3
https://reqres.in/api/users/1 equals https://reqres.in/api/users/1
https://reqres.in/api/users/2 equals https://reqres.in/api/users/2
https://reqres.in/api/users/3 not equals https://reqres.in/api/users/2
https://reqres.in/api/users/2 equals https://reqres.in/api/users/2
https://reqres.in/api/users/3 not equals https://reqres.in/api/users/2
https://reqres.in/api/users/2 equals https://reqres.in/api/users/2
https://reqres.in/api/users/3 equals https://reqres.in/api/users/3
https://reqres.in/api/users/1 equals https://reqres.in/api/users/1
https://reqres.in/api/users/1 not equals https://reqres.in/api/users/3
https://reqres.in/api/users/2 equals https://reqres.in/api/users/2
https://reqres.in/api/users/2 equals https://reqres.in/api/users/2
https://reqres.in/api/users/2 equals https://reqres.in/api/users/2
https://reqres.in/api/users/2 equals https://reqres.in/api/users/2
https://reqres.in/api/users/3 equals https://reqres.in/api/users/3
https://reqres.in/api/users/1 equals https://reqres.in/api/users/1
https://reqres.in/api/users/2 equals https://reqres.in/api/users/2
https://reqres.in/api/users/3 equals https://reqres.in/api/users/3
https://reqres.in/api/users/2 not equals https://reqres.in/api/users/1
https://reqres.in/api/users?page=1 equals https://reqres.in/api/users?page=1
https://reqres.in/api/users/3 equals https://reqres.in/api/users/3
https://reqres.in/api/users?page=1 equals https://reqres.in/api/users?page=1
https://reqres.in/api/users/1 equals https://reqres.in/api/users/1
https://reqres.in/api/users/1 not equals https://reqres.in/api/users/3
https://reqres.in/api/users/2 equals https://reqres.in/api/users/2
https://reqres.in/api/users/3 not equals https://reqres.in/api/users/2
https://reqres.in/api/users/1 equals https://reqres.in/api/users/1
https://reqres.in/api/users/3 equals https://reqres.in/api/users/3
https://reqres.in/api/users/1 equals https://reqres.in/api/users/1
https://reqres.in/api/users/3 equals https://reqres.in/api/users/3
https://reqres.in/api/users/2 equals https://reqres.in/api/users/2
https://reqres.in/api/users/2 not equals https://reqres.in/api/users/1
https://reqres.in/api/users?page=1 equals https://reqres.in/api/users?page=1
https://reqres.in/api/users/2 equals https://reqres.in/api/users/2
https://reqres.in/api/users/2 equals https://reqres.in/api/users/2
https://reqres.in/api/users/1 equals https://reqres.in/api/users/1
https://reqres.in/api/users/2 equals https://reqres.in/api/users/2
https://reqres.in/api/users/1 equals https://reqres.in/api/users/1
https://reqres.in/api/users/2 equals https://reqres.in/api/users/2
https://reqres.in/api/users/3 not equals https://reqres.in/api/users/2
https://reqres.in/api/users/3 equals https://reqres.in/api/users/3
https://reqres.in/api/users?page=1 equals https://reqres.in/api/users?page=1
https://reqres.in/api/users/2 equals https://reqres.in/api/users/2
https://reqres.in/api/users/2 equals https://reqres.in/api/users/2
https://reqres.in/api/users/2 equals https://reqres.in/api/users/2
https://reqres.in/api/users/2 equals https://reqres.in/api/users/2
https://reqres.in/api/users?page=1 equals https://reqres.in/api/users?page=1
https://reqres.in/api/users/2 equals https://reqres.in/api/users/2
https://reqres.in/api/users/1 equals https://reqres.in/api/users/1
https://reqres.in/api/users/3 equals https://reqres.in/api/users/3
https://reqres.in/api/users/2 equals https://reqres.in/api/users/2
https://reqres.in/api/users?page=1 equals https://reqres.in/api/users?page=1
https://reqres.in/api/users?page=1 equals https://reqres.in/api/users?page=1
https://reqres.in/api/users/2 equals https://reqres.in/api/users/2
https://reqres.in/api/users/3 equals https://reqres.in/api/users/3
https://reqres.in/api/users?page=1 equals https://reqres.in/api/users?page=1
https://reqres.in/api/users/1 not equals https://reqres.in/api/users/3
https://reqres.in/api/users/1 equals https://reqres.in/api/users/1
https://reqres.in/api/users/3 equals https://reqres.in/api/users/3
https://reqres.in/api/users/3 equals https://reqres.in/api/users/3
https://reqres.in/api/users/3 equals https://reqres.in/api/users/3
https://reqres.in/api/users/3 equals https://reqres.in/api/users/3
https://reqres.in/api/users/1 equals https://reqres.in/api/users/1
https://reqres.in/api/users/3 equals https://reqres.in/api/users/3
https://reqres.in/api/users/2 not equals https://reqres.in/api/users/1
https://reqres.in/api/users/1 equals https://reqres.in/api/users/1
https://reqres.in/api/users/2 equals https://reqres.in/api/users/2
https://reqres.in/api/users/1 equals https://reqres.in/api/users/1
https://reqres.in/api/users/1 equals https://reqres.in/api/users/1
https://reqres.in/api/users/1 equals https://reqres.in/api/users/1
https://reqres.in/api/users/1 not equals https://reqres.in/api/users/3
https://reqres.in/api/users/1 equals https://reqres.in/api/users/1
https://reqres.in/api/users/3 not equals https://reqres.in/api/users/2
https://reqres.in/api/users/2 equals https://reqres.in/api/users/2
https://reqres.in/api/users/2 equals https://reqres.in/api/users/2
https://reqres.in/api/users/1 not equals https://reqres.in/api/users/3
https://reqres.in/api/users/1 not equals https://reqres.in/api/users/3
https://reqres.in/api/users/2 equals https://reqres.in/api/users/2
https://reqres.in/api/users/2 not equals https://reqres.in/api/users/1
https://reqres.in/api/users/2 equals https://reqres.in/api/users/2
https://reqres.in/api/users/2 equals https://reqres.in/api/users/2
https://reqres.in/api/users/2 not equals https://reqres.in/api/users/1
https://reqres.in/api/users/3 equals https://reqres.in/api/users/3
https://reqres.in/api/users/2 equals https://reqres.in/api/users/2
https://reqres.in/api/users/2 not equals https://reqres.in/api/users/1
https://reqres.in/api/users/2 equals https://reqres.in/api/users/2
https://reqres.in/api/users/3 not equals https://reqres.in/api/users/2
https://reqres.in/api/users/2 equals https://reqres.in/api/users/2
https://reqres.in/api/users?page=1 equals https://reqres.in/api/users?page=1
https://reqres.in/api/users/1 equals https://reqres.in/api/users/1
https://reqres.in/api/users/3 not equals https://reqres.in/api/users/2
https://reqres.in/api/users?page=1 equals https://reqres.in/api/users?page=1
https://reqres.in/api/users/3 not equals https://reqres.in/api/users/2
https://reqres.in/api/users?page=1 equals https://reqres.in/api/users?page=1
https://reqres.in/api/users/2 equals https://reqres.in/api/users/2
https://reqres.in/api/users/3 equals https://reqres.in/api/users/3
https://reqres.in/api/users/3 equals https://reqres.in/api/users/3
https://reqres.in/api/users/2 equals https://reqres.in/api/users/2
https://reqres.in/api/users/3 equals https://reqres.in/api/users/3
https://reqres.in/api/users/2 equals https://reqres.in/api/users/2
https://reqres.in/api/users/2 equals https://reqres.in/api/users/2
https://reqres.in/api/users/3 equals https://reqres.in/api/users/3
https://reqres.in/api/users?page=1 equals https://reqres.in/api/users?page=1
https://reqres.in/api/users/1 equals https://reqres.in/api/users/1
https://reqres.in/api/users/1 equals https://reqres.in/api/users/1
https://reqres.in/api/users/2 equals https://reqres.in/api/users/2
https://reqres.in/api/users/1 equals https://reqres.in/api/users/1
https://reqres.in/api/users?page=1 equals https://reqres.in/api/users?page=1
https://reqres.in/api/users?page=1 equals https://reqres.in/api/users?page=1
https://reqres.in/api/users/1 equals https://reqres.in/api/users/1
https://reqres.in/api/users/3 equals https://reqres.in/api/users/3
https://reqres.in/api/users/2 equals https://reqres.in/api/users/2
https://reqres.in/api/users/2 equals https://reqres.in/api/users/2
https://reqres.in/api/users/1 not equals https://reqres.in/api/users/3
https://reqres.in/api/users?page=1 equals https://reqres.in/api/users?page=1
https://reqres.in/api/users/3 equals https://reqres.in/api/users/3
https://reqres.in/api/users/3 equals https://reqres.in/api/users/3
https://reqres.in/api/users/1 not equals https://reqres.in/api/users/3
https://reqres.in/api/users/1 equals https://reqres.in/api/users/1
https://reqres.in/api/users/2 equals https://reqres.in/api/users/2
https://reqres.in/api/users/2 equals https://reqres.in/api/users/2
https://reqres.in/api/users/2 not equals https://reqres.in/api/users/1
https://reqres.in/api/users/3 equals https://reqres.in/api/users/3
https://reqres.in/api/users/1 equals https://reqres.in/api/users/1
https://reqres.in/api/users/1 equals https://reqres.in/api/users/1
https://reqres.in/api/users/2 not equals https://reqres.in/api/users/1
https://reqres.in/api/users/2 equals https://reqres.in/api/users/2
https://reqres.in/api/users?page=1 equals https://reqres.in/api/users?page=1
https://reqres.in/api/users/3 equals https://reqres.in/api/users/3
https://reqres.in/api/users/3 not equals https://reqres.in/api/users/2
https://reqres.in/api/users/1 equals https://reqres.in/api/users/1
https://reqres.in/api/users/2 equals https://reqres.in/api/users/2
https://reqres.in/api/users/2 equals https://reqres.in/api/users/2
https://reqres.in/api/users/3 not equals https://reqres.in/api/users/2
https://reqres.in/api/users/2 equals https://reqres.in/api/users/2
https://reqres.in/api/users/3 equals https://reqres.in/api/users/3
https://reqres.in/api/users/1 equals https://reqres.in/api/users/1
https://reqres.in/api/users/2 equals https://reqres.in/api/users/2
https://reqres.in/api/users/1 not equals https://reqres.in/api/users/3
https://reqres.in/api/users/2 equals https://reqres.in/api/users/2
https://reqres.in/api/users/2 equals https://reqres.in/api/users/2
https://reqres.in/api/users/2 equals https://reqres.in/api/users/2
https://reqres.in/api/users/3 equals https://reqres.in/api/users/3
https://reqres.in/api/users/1 equals https://reqres.in/api/users/1
https://reqres.in/api/users/1 not equals https://reqres.in/api/users/3
https://reqres.in/api/users?page=1 equals https://reqres.in/api/users?page=1
https://reqres.in/api/users/3 equals https://reqres.in/api/users/3
https://reqres.in/api/users/2 not equals https://reqres.in/api/users/1
https://reqres.in/api/users/3 equals https://reqres.in/api/users/3
https://reqres.in/api/users?page=1 equals https://reqres.in/api/users?page=1
https://reqres.in/api/users/1 equals https://reqres.in/api/users/1
https://reqres.in/api/users/1 not equals https://reqres.in/api/users/3
https://reqres.in/api/users/2 not equals https://reqres.in/api/users/1
https://reqres.in/api/users/3 equals https://reqres.in/api/users/3
https://reqres.in/api/users/1 equals https://reqres.in/api/users/1
https://reqres.in/api/users/3 not equals https://reqres.in/api/users/2
https://reqres.in/api/users/1 equals https://reqres.in/api/users/1
https://reqres.in/api/users/3 equals https://reqres.in/api/users/3
https://reqres.in/api/users/2 equals https://reqres.in/api/users/2
https://reqres.in/api/users/2 not equals https://reqres.in/api/users/1
https://reqres.in/api/users/3 not equals https://reqres.in/api/users/2
https://reqres.in/api/users/1 equals https://reqres.in/api/users/1
https://reqres.in/api/users/2 equals https://reqres.in/api/users/2
https://reqres.in/api/users/2 equals https://reqres.in/api/users/2
https://reqres.in/api/users/2 equals https://reqres.in/api/users/2
https://reqres.in/api/users/1 equals https://reqres.in/api/users/1
https://reqres.in/api/users/2 equals https://reqres.in/api/users/2
https://reqres.in/api/users/3 not equals https://reqres.in/api/users/2
https://reqres.in/api/users/2 equals https://reqres.in/api/users/2
https://reqres.in/api/users/2 equals https://reqres.in/api/users/2
https://reqres.in/api/users/2 equals https://reqres.in/api/users/2
https://reqres.in/api/users/2 equals https://reqres.in/api/users/2
https://reqres.in/api/users/2 equals https://reqres.in/api/users/2
https://reqres.in/api/users?page=1 equals https://reqres.in/api/users?page=1
https://reqres.in/api/users/3 equals https://reqres.in/api/users/3
https://reqres.in/api/users?page=1 equals https://reqres.in/api/users?page=1
https://reqres.in/api/users?page=1 equals https://reqres.in/api/users?page=1
https://reqres.in/api/users/2 equals https://reqres.in/api/users/2
https://reqres.in/api/users?page=1 equals https://reqres.in/api/users?page=1
https://reqres.in/api/users/3 equals https://reqres.in/api/users/3
https://reqres.in/api/users/2 equals https://reqres.in/api/users/2
https://reqres.in/api/users/3 equals https://reqres.in/api/users/3
https://reqres.in/api/users/1 equals https://reqres.in/api/users/1
https://reqres.in/api/users/3 equals https://reqres.in/api/users/3
https://reqres.in/api/users/3 equals https://reqres.in/api/users/3
https://reqres.in/api/users/3 equals https://reqres.in/api/users/3
https://reqres.in/api/users/3 equals https://reqres.in/api/users/3
https://reqres.in/api/users/1 equals https://reqres.in/api/users/1
https://reqres.in/api/users/2 equals https://reqres.in/api/users/2
https://reqres.in/api/users/2 equals https://reqres.in/api/users/2
https://reqres.in/api/users/1 equals https://reqres.in/api/users/1
https://reqres.in/api/users/1 equals https://reqres.in/api/users/1
https://reqres.in/api/users/1 equals https://reqres.in/api/users/1
https://reqres.in/api/users/1 equals https://reqres.in/api/users/1
https://reqres.in/api/users/1 equals https://reqres.in/api/users/1
https://reqres.in/api/users/2 equals https://reqres.in/api/users/2
https://reqres.in/api/users/3 equals https://reqres.in/api/users/3
https://reqres.in/api/users/2 equals https://reqres.in/api/users/2
https://reqres.in/api/users/2 equals https://reqres.in/api/users/2
https://reqres.in/api/users/2 equals https://reqres.in/api/users/2
https://reqres.in/api/users/2 equals https://reqres.in/api/users/2
https://reqres.in/api/users/2 equals https://reqres.in/api/users/2
https://reqres.in/api/users/1 not equals https://reqres.in/api/users/3
https://reqres.in/api/users/2 equals https://reqres.in/api/users/2
https://reqres.in/api/users/1 equals https://reqres.in/api/users/1
https://reqres.in/api/users/2 equals https://reqres.in/api/users/2
https://reqres.in/api/users/3 equals https://reqres.in/api/users/3
https://reqres.in/api/users/2 equals https://reqres.in/api/users/2
https://reqres.in/api/users/2 equals https://reqres.in/api/users/2
https://reqres.in/api/users/2 equals https://reqres.in/api/users/2
https://reqres.in/api/users/2 not equals https://reqres.in/api/users/1
https://reqres.in/api/users?page=1 equals https://reqres.in/api/users?page=1
https://reqres.in/api/users/2 equals https://reqres.in/api/users/2
https://reqres.in/api/users/1 equals https://reqres.in/api/users/1
https://reqres.in/api/users?page=1 equals https://reqres.in/api/users?page=1
https://reqres.in/api/users/3 equals https://reqres.in/api/users/3
https://reqres.in/api/users/3 equals https://reqres.in/api/users/3
https://reqres.in/api/users?page=1 equals https://reqres.in/api/users?page=1
https://reqres.in/api/users/3 not equals https://reqres.in/api/users/2
https://reqres.in/api/users/2 equals https://reqres.in/api/users/2
https://reqres.in/api/users/3 equals https://reqres.in/api/users/3
https://reqres.in/api/users/2 equals https://reqres.in/api/users/2
https://reqres.in/api/users/3 equals https://reqres.in/api/users/3
https://reqres.in/api/users/1 equals https://reqres.in/api/users/1
https://reqres.in/api/users/1 equals https://reqres.in/api/users/1
https://reqres.in/api/users/3 equals https://reqres.in/api/users/3
https://reqres.in/api/users/2 equals https://reqres.in/api/users/2
https://reqres.in/api/users?page=1 equals https://reqres.in/api/users?page=1
https://reqres.in/api/users/1 equals https://reqres.in/api/users/1
https://reqres.in/api/users/2 equals https://reqres.in/api/users/2
https://reqres.in/api/users/1 equals https://reqres.in/api/users/1
https://reqres.in/api/users/2 equals https://reqres.in/api/users/2
https://reqres.in/api/users/2 equals https://reqres.in/api/users/2
https://reqres.in/api/users/1 equals https://reqres.in/api/users/1
https://reqres.in/api/users?page=1 equals https://reqres.in/api/users?page=1
https://reqres.in/api/users/1 not equals https://reqres.in/api/users/3
https://reqres.in/api/users/3 equals https://reqres.in/api/users/3
https://reqres.in/api/users?page=1 equals https://reqres.in/api/users?page=1
https://reqres.in/api/users/1 not equals https://reqres.in/api/users/3
https://reqres.in/api/users/2 equals https://reqres.in/api/users/2
https://reqres.in/api/users/2 equals https://reqres.in/api/users/2
https://reqres.in/api/users/1 not equals https://reqres.in/api/users/3
https://reqres.in/api/users/3 equals https://reqres.in/api/users/3
https://reqres.in/api/users/1 equals https://reqres.in/api/users/1
https://reqres.in/api/users/2 not equals https://reqres.in/api/users/1
https://reqres.in/api/users/3 equals https://reqres.in/api/users/3
https://reqres.in/api/users/2 not equals https://reqres.in/api/users/1
https://reqres.in/api/users?page=1 equals https://reqres.in/api/users?page=1
https://reqres.in/api/users?page=1 equals https://reqres.in/api/users?page=1
https://reqres.in/api/users/2 not equals https://reqres.in/api/users/1
https://reqres.in/api/users/1 equals https://reqres.in/api/users/1
https://reqres.in/api/users/3 not equals https://reqres.in/api/users/2
https://reqres.in/api/users/1 not equals https://reqres.in/api/users/3
https://reqres.in/api/users/1 equals https://reqres.in/api/users/1
https://reqres.in/api/users/3 not equals https://reqres.in/api/users/2
https://reqres.in/api/users/3 equals https://reqres.in/api/users/3
https://reqres.in/api/users/3 equals https://reqres.in/api/users/3
https://reqres.in/api/users/2 equals https://reqres.in/api/users/2
https://reqres.in/api/users/3 not equals https://reqres.in/api/users/2
https://reqres.in/api/users/2 not equals https://reqres.in/api/users/1
https://reqres.in/api/users/2 equals https://reqres.in/api/users/2
https://reqres.in/api/users/1 not equals https://reqres.in/api/users/3
https://reqres.in/api/users/2 equals https://reqres.in/api/users/2
https://reqres.in/api/users/1 equals https://reqres.in/api/users/1
https://reqres.in/api/users/1 equals https://reqres.in/api/users/1
https://reqres.in/api/users/2 equals https://reqres.in/api/users/2
https://reqres.in/api/users/2 equals https://reqres.in/api/users/2
https://reqres.in/api/users?page=1 equals https://reqres.in/api/users?page=1
https://reqres.in/api/users/3 not equals https://reqres.in/api/users/2
https://reqres.in/api/users/2 not equals https://reqres.in/api/users/1
https://reqres.in/api/users?page=1 equals https://reqres.in/api/users?page=1
https://reqres.in/api/users/1 not equals https://reqres.in/api/users/3
https://reqres.in/api/users/1 not equals https://reqres.in/api/users/3
https://reqres.in/api/users/3 equals https://reqres.in/api/users/3
https://reqres.in/api/users?page=1 equals https://reqres.in/api/users?page=1
https://reqres.in/api/users/2 equals https://reqres.in/api/users/2
https://reqres.in/api/users/3 not equals https://reqres.in/api/users/2
https://reqres.in/api/users/3 equals https://reqres.in/api/users/3
https://reqres.in/api/users/3 equals https://reqres.in/api/users/3
https://reqres.in/api/users/2 not equals https://reqres.in/api/users/1
https://reqres.in/api/users/2 not equals https://reqres.in/api/users/1
https://reqres.in/api/users/1 equals https://reqres.in/api/users/1
https://reqres.in/api/users/3 equals https://reqres.in/api/users/3
https://reqres.in/api/users?page=1 equals https://reqres.in/api/users?page=1
https://reqres.in/api/users/2 equals https://reqres.in/api/users/2
https://reqres.in/api/users/1 equals https://reqres.in/api/users/1
https://reqres.in/api/users/1 equals https://reqres.in/api/users/1
https://reqres.in/api/users/3 not equals https://reqres.in/api/users/2
https://reqres.in/api/users/2 equals https://reqres.in/api/users/2
https://reqres.in/api/users/1 equals https://reqres.in/api/users/1
https://reqres.in/api/users/3 equals https://reqres.in/api/users/3
https://reqres.in/api/users?page=1 equals https://reqres.in/api/users?page=1
https://reqres.in/api/users/2 equals https://reqres.in/api/users/2
https://reqres.in/api/users/2 equals https://reqres.in/api/users/2
https://reqres.in/api/users/2 equals https://reqres.in/api/users/2
https://reqres.in/api/users/1 equals https://reqres.in/api/users/1
https://reqres.in/api/users/2 equals https://reqres.in/api/users/2
https://reqres.in/api/users/2 equals https://reqres.in/api/users/2
https://reqres.in/api/users/2 equals https://reqres.in/api/users/2
https://reqres.in/api/users/3 equals https://reqres.in/api/users/3
https://reqres.in/api/users/3 not equals https://reqres.in/api/users/2
https://reqres.in/api/users/2 equals https://reqres.in/api/users/2
https://reqres.in/api/users?page=1 equals https://reqres.in/api/users?page=1
https://reqres.in/api/users/2 equals https://reqres.in/api/users/2
https://reqres.in/api/users?page=1 equals https://reqres.in/api/users?page=1
https://reqres.in/api/users/2 equals https://reqres.in/api/users/2
https://reqres.in/api/users/3 equals https://reqres.in/api/users/3
https://reqres.in/api/users/1 equals https://reqres.in/api/users/1
https://reqres.in/api/users/2 equals https://reqres.in/api/users/2
https://reqres.in/api/users/3 equals https://reqres.in/api/users/3
https://reqres.in/api/users/3 equals https://reqres.in/api/users/3
https://reqres.in/api/users/2 equals https://reqres.in/api/users/2
https://reqres.in/api/users/3 equals https://reqres.in/api/users/3
https://reqres.in/api/users/3 equals https://reqres.in/api/users/3
https://reqres.in/api/users/2 equals https://reqres.in/api/users/2
https://reqres.in/api/users/1 equals https://reqres.in/api/users/1
https://reqres.in/api/users/1 equals https://reqres.in/api/users/1
https://reqres.in/api/users?page=1 equals https://reqres.in/api/users?page=1
https://reqres.in/api/users/1 equals https://reqres.in/api/users/1
https://reqres.in/api/users/1 equals https://reqres.in/api/users/1
https://reqres.in/api/users/3 equals https://reqres.in/api/users/3
https://reqres.in/api/users/1 equals https://reqres.in/api/users/1
https://reqres.in/api/users/2 equals https://reqres.in/api/users/2
https://reqres.in/api/users/2 equals https://reqres.in/api/users/2
https://reqres.in/api/users/3 equals https://reqres.in/api/users/3
https://reqres.in/api/users/2 equals https://reqres.in/api/users/2
https://reqres.in/api/users/2 equals https://reqres.in/api/users/2
https://reqres.in/api/users/2 equals https://reqres.in/api/users/2
https://reqres.in/api/users/1 equals https://reqres.in/api/users/1
https://reqres.in/api/users/1 not equals https://reqres.in/api/users/3
https://reqres.in/api/users/3 equals https://reqres.in/api/users/3
https://reqres.in/api/users/2 equals https://reqres.in/api/users/2
https://reqres.in/api/users/1 equals https://reqres.in/api/users/1
https://reqres.in/api/users/2 equals https://reqres.in/api/users/2
https://reqres.in/api/users/2 equals https://reqres.in/api/users/2
https://reqres.in/api/users/2 equals https://reqres.in/api/users/2
https://reqres.in/api/users/2 not equals https://reqres.in/api/users/1
https://reqres.in/api/users/2 equals https://reqres.in/api/users/2
https://reqres.in/api/users/1 equals https://reqres.in/api/users/1
https://reqres.in/api/users?page=1 equals https://reqres.in/api/users?page=1
https://reqres.in/api/users?page=1 equals https://reqres.in/api/users?page=1
https://reqres.in/api/users/2 equals https://reqres.in/api/users/2
https://reqres.in/api/users/3 equals https://reqres.in/api/users/3
https://reqres.in/api/users/3 not equals https://reqres.in/api/users/2
https://reqres.in/api/users/2 equals https://reqres.in/api/users/2
https://reqres.in/api/users?page=1 equals https://reqres.in/api/users?page=1
https://reqres.in/api/users/2 equals https://reqres.in/api/users/2
https://reqres.in/api/users/3 equals https://reqres.in/api/users/3
https://reqres.in/api/users/3 equals https://reqres.in/api/users/3
https://reqres.in/api/users/2 equals https://reqres.in/api/users/2
https://reqres.in/api/users/1 equals https://reqres.in/api/users/1
https://reqres.in/api/users/2 equals https://reqres.in/api/users/2
https://reqres.in/api/users/3 equals https://reqres.in/api/users/3
https://reqres.in/api/users/2 equals https://reqres.in/api/users/2
https://reqres.in/api/users?page=1 equals https://reqres.in/api/users?page=1
https://reqres.in/api/users/1 equals https://reqres.in/api/users/1
https://reqres.in/api/users/1 equals https://reqres.in/api/users/1
https://reqres.in/api/users/3 equals https://reqres.in/api/users/3
https://reqres.in/api/users/2 equals https://reqres.in/api/users/2
https://reqres.in/api/users?page=1 equals https://reqres.in/api/users?page=1
https://reqres.in/api/users/3 equals https://reqres.in/api/users/3
https://reqres.in/api/users?page=1 equals https://reqres.in/api/users?page=1
https://reqres.in/api/users/1 equals https://reqres.in/api/users/1
https://reqres.in/api/users/1 not equals https://reqres.in/api/users/3
https://reqres.in/api/users/1 not equals https://reqres.in/api/users/3
https://reqres.in/api/users/1 equals https://reqres.in/api/users/1
https://reqres.in/api/users/2 equals https://reqres.in/api/users/2
https://reqres.in/api/users/1 not equals https://reqres.in/api/users/3
https://reqres.in/api/users/3 equals https://reqres.in/api/users/3
https://reqres.in/api/users/3 equals https://reqres.in/api/users/3
https://reqres.in/api/users/1 equals https://reqres.in/api/users/1
https://reqres.in/api/users/2 equals https://reqres.in/api/users/2
https://reqres.in/api/users/2 not equals https://reqres.in/api/users/1
https://reqres.in/api/users/2 not equals https://reqres.in/api/users/1
https://reqres.in/api/users?page=1 equals https://reqres.in/api/users?page=1
https://reqres.in/api/users/1 equals https://reqres.in/api/users/1
https://reqres.in/api/users/2 not equals https://reqres.in/api/users/1
https://reqres.in/api/users/1 not equals https://reqres.in/api/users/3
https://reqres.in/api/users/1 equals https://reqres.in/api/users/1
https://reqres.in/api/users/3 not equals https://reqres.in/api/users/2
https://reqres.in/api/users/2 equals https://reqres.in/api/users/2
https://reqres.in/api/users/3 not equals https://reqres.in/api/users/2
https://reqres.in/api/users/3 equals https://reqres.in/api/users/3
https://reqres.in/api/users/3 not equals https://reqres.in/api/users/2
https://reqres.in/api/users/2 not equals https://reqres.in/api/users/1
https://reqres.in/api/users/1 not equals https://reqres.in/api/users/3
https://reqres.in/api/users/2 equals https://reqres.in/api/users/2
https://reqres.in/api/users/2 equals https://reqres.in/api/users/2
https://reqres.in/api/users?page=1 equals https://reqres.in/api/users?page=1
https://reqres.in/api/users/2 equals https://reqres.in/api/users/2
https://reqres.in/api/users/2 equals https://reqres.in/api/users/2
https://reqres.in/api/users/3 not equals https://reqres.in/api/users/2
https://reqres.in/api/users/2 not equals https://reqres.in/api/users/1
https://reqres.in/api/users/3 equals https://reqres.in/api/users/3
https://reqres.in/api/users?page=1 equals https://reqres.in/api/users?page=1
https://reqres.in/api/users?page=1 equals https://reqres.in/api/users?page=1
https://reqres.in/api/users/2 equals https://reqres.in/api/users/2
https://reqres.in/api/users/3 not equals https://reqres.in/api/users/2
https://reqres.in/api/users/1 equals https://reqres.in/api/users/1
https://reqres.in/api/users/3 equals https://reqres.in/api/users/3
https://reqres.in/api/users/3 equals https://reqres.in/api/users/3
https://reqres.in/api/users/2 equals https://reqres.in/api/users/2
https://reqres.in/api/users?page=1 equals https://reqres.in/api/users?page=1
https://reqres.in/api/users/1 not equals https://reqres.in/api/users/3
https://reqres.in/api/users/1 equals https://reqres.in/api/users/1
https://reqres.in/api/users/1 equals https://reqres.in/api/users/1
https://reqres.in/api/users/3 equals https://reqres.in/api/users/3
https://reqres.in/api/users/2 not equals https://reqres.in/api/users/1
https://reqres.in/api/users/2 equals https://reqres.in/api/users/2
https://reqres.in/api/users?page=1 equals https://reqres.in/api/users?page=1
https://reqres.in/api/users/1 equals https://reqres.in/api/users/1
https://reqres.in/api/users/3 not equals https://reqres.in/api/users/2
https://reqres.in/api/users/2 equals https://reqres.in/api/users/2
https://reqres.in/api/users/3 equals https://reqres.in/api/users/3
]]></system-out>
  <system-err><![CDATA[]]></system-err>
</testsuite>
